<?xml version="1.0" encoding="UTF-8"?>
<!-- Generated by org.testng.reporters.JUnitReportReporter -->
<testsuite hostname="HP" name="test123.TestNGFirstFramework" tests="1" failures="0" timestamp="27 Jul 2018 13:12:48 GMT" time="0.008" errors="0">
  <testcase name="f" time="0.008" classname="test123.TestNGFirstFramework"/>
</testsuite> <!-- test123.TestNGFirstFramework -->
